<?xml version='1.0' encoding='UTF-8'?>
<testsuite hostname="LAPTOP-Q54MR554" name="funsets.FunSetSuite" tests="10" errors="0" failures="0" time="0.146">
                     <properties>
[...]
</properties>
                     <testcase classname="funsets.FunSetSuite" name="adding ints" time="0.051">
                                                 
                                               </testcase><testcase classname="funsets.FunSetSuite" name="contains is implemented" time="0.006">
                                                 
                                               </testcase><testcase classname="funsets.FunSetSuite" name="singletonSet(1) contains 1" time="0.011">
                                                 
                                               </testcase><testcase classname="funsets.FunSetSuite" name="union contains all elements of each set" time="0.005">
                                                 
                                               </testcase><testcase classname="funsets.FunSetSuite" name="intersect contains common elements of each set" time="0.003">
                                                 
                                               </testcase><testcase classname="funsets.FunSetSuite" name="diff contains all elements that are in one set and not the other" time="0.003">
                                                 
                                               </testcase><testcase classname="funsets.FunSetSuite" name="filter contains all elements of a set for which p holds" time="0.003">
                                                 
                                               </testcase><testcase classname="funsets.FunSetSuite" name="forall returns whether all bounded integers in s satisfy p" time="0.002">
                                                 
                                               </testcase><testcase classname="funsets.FunSetSuite" name="exists returns true if there is an integer in the Set that satisfies p" time="0.004">
                                                 
                                               </testcase><testcase classname="funsets.FunSetSuite" name="map applies a function f to all elements of set s" time="0.058">
                                                 
                                               </testcase>
                     <system-out></system-out>
                     <system-err></system-err>
                   </testsuite>